[0m12:00:16.286137 [debug] [MainThread]: Sending event: {'category': 'dbt', 'action': 'invocation', 'label': 'start', 'context': [<snowplow_tracker.self_describing_json.SelfDescribingJson object at 0x7628c66615b0>, <snowplow_tracker.self_describing_json.SelfDescribingJson object at 0x7628c5e6e960>, <snowplow_tracker.self_describing_json.SelfDescribingJson object at 0x7628c6663c80>]}


============================== 12:00:16.297470 | 38985cb4-2b38-4a6c-8c71-07143e7ba287 ==============================
[0m12:00:16.297470 [info ] [MainThread]: Running with dbt=1.9.0
[0m12:00:16.298272 [debug] [MainThread]: running dbt with arguments {'printer_width': '80', 'indirect_selection': 'eager', 'log_cache_events': 'False', 'write_json': 'True', 'partial_parse': 'True', 'cache_selected_only': 'False', 'warn_error': 'None', 'debug': 'False', 'fail_fast': 'False', 'log_path': 'logs', 'profiles_dir': '/root/.dbt', 'version_check': 'True', 'use_colors': 'True', 'use_experimental_parser': 'False', 'empty': 'None', 'quiet': 'False', 'no_print': 'None', 'warn_error_options': 'WarnErrorOptions(include=[], exclude=[])', 'static_parser': 'True', 'log_format': 'default', 'introspect': 'True', 'target_path': 'None', 'invocation_command': 'dbt init my_project', 'send_anonymous_usage_stats': 'True'}
[0m12:00:16.363768 [warn ] [MainThread]: [ConfigFolderDirectory]: Unable to parse logging event dictionary. Failed to parse dir field: expected string or bytes-like object, got 'PosixPath'.. Dictionary: {'dir': PosixPath('/root/.dbt')}
[0m12:00:16.364626 [info ] [MainThread]: Creating dbt configuration folder at 
[0m12:00:16.368036 [debug] [MainThread]: Starter project path: /usr/local/lib/python3.12/site-packages/dbt/include/starter_project
[0m12:00:16.376508 [info ] [MainThread]: 
Your new dbt project "my_project" was created!

For more information on how to configure the profiles.yml file,
please consult the dbt documentation here:

  https://docs.getdbt.com/docs/configure-your-profile

One more thing:

Need help? Don't hesitate to reach out to us via GitHub issues or on Slack:

  https://community.getdbt.com/

Happy modeling!

[0m12:00:16.377229 [info ] [MainThread]: Setting up your profile.
[0m12:03:12.227509 [info ] [MainThread]: Profile my_project written to /root/.dbt/profiles.yml using target's profile_template.yml and your supplied values. Run 'dbt debug' to validate the connection.
[0m12:03:12.231487 [debug] [MainThread]: Resource report: {"command_name": "init", "command_success": true, "command_wall_clock_time": 175.61371, "process_in_blocks": "0", "process_kernel_time": 0.422158, "process_mem_max_rss": "92788", "process_out_blocks": "1544", "process_user_time": 2.249736}
[0m12:03:12.233010 [debug] [MainThread]: Command `dbt init` succeeded at 12:03:12.232444 after 175.62 seconds
[0m12:03:12.234401 [debug] [MainThread]: Sending event: {'category': 'dbt', 'action': 'invocation', 'label': 'end', 'context': [<snowplow_tracker.self_describing_json.SelfDescribingJson object at 0x7628c5e6e960>, <snowplow_tracker.self_describing_json.SelfDescribingJson object at 0x7628c5f4cad0>, <snowplow_tracker.self_describing_json.SelfDescribingJson object at 0x7628c59c0aa0>]}
[0m12:03:12.236077 [debug] [MainThread]: Flushing usage events
[0m12:03:12.891678 [debug] [MainThread]: An error was encountered while trying to flush usage events
[0m12:04:17.288173 [debug] [MainThread]: Sending event: {'category': 'dbt', 'action': 'invocation', 'label': 'start', 'context': [<snowplow_tracker.self_describing_json.SelfDescribingJson object at 0x71327742c9b0>, <snowplow_tracker.self_describing_json.SelfDescribingJson object at 0x713277f511f0>, <snowplow_tracker.self_describing_json.SelfDescribingJson object at 0x713276dd4aa0>]}


============================== 12:04:17.299198 | 63ecfa14-c4ef-4a49-9aa4-137e6eabf069 ==============================
[0m12:04:17.299198 [info ] [MainThread]: Running with dbt=1.9.0
[0m12:04:17.300005 [debug] [MainThread]: running dbt with arguments {'printer_width': '80', 'indirect_selection': 'eager', 'log_cache_events': 'False', 'write_json': 'True', 'partial_parse': 'True', 'cache_selected_only': 'False', 'warn_error': 'None', 'fail_fast': 'False', 'profiles_dir': '/root/.dbt', 'log_path': 'logs', 'debug': 'False', 'version_check': 'True', 'use_colors': 'True', 'use_experimental_parser': 'False', 'no_print': 'None', 'quiet': 'False', 'empty': 'None', 'warn_error_options': 'WarnErrorOptions(include=[], exclude=[])', 'static_parser': 'True', 'invocation_command': 'dbt debug', 'introspect': 'True', 'target_path': 'None', 'log_format': 'default', 'send_anonymous_usage_stats': 'True'}
[0m12:04:17.359759 [info ] [MainThread]: dbt version: 1.9.0
[0m12:04:17.360381 [info ] [MainThread]: python version: 3.12.4
[0m12:04:17.360869 [info ] [MainThread]: python path: /usr/local/bin/python
[0m12:04:17.361635 [info ] [MainThread]: os info: Linux-6.6.87.2-microsoft-standard-WSL2-x86_64-with-glibc2.31
[0m12:04:17.362390 [info ] [MainThread]: Using profiles dir at /root/.dbt
[0m12:04:17.363072 [info ] [MainThread]: Using profiles.yml file at /root/.dbt/profiles.yml
[0m12:04:17.363725 [info ] [MainThread]: Using dbt_project.yml file at /usr/app/dbt_project.yml
[0m12:04:17.364634 [info ] [MainThread]: Configuration:
[0m12:04:17.365440 [info ] [MainThread]:   profiles.yml file [[31mERROR not found[0m]
[0m12:04:17.366023 [info ] [MainThread]:   dbt_project.yml file [[31mERROR not found[0m]
[0m12:04:17.366592 [info ] [MainThread]: Required dependencies:
[0m12:04:17.367359 [debug] [MainThread]: Executing "git --help"
[0m12:04:17.371768 [debug] [MainThread]: STDOUT: "b"usage: git [--version] [--help] [-C <path>] [-c <name>=<value>]\n           [--exec-path[=<path>]] [--html-path] [--man-path] [--info-path]\n           [-p | --paginate | -P | --no-pager] [--no-replace-objects] [--bare]\n           [--git-dir=<path>] [--work-tree=<path>] [--namespace=<name>]\n           <command> [<args>]\n\nThese are common Git commands used in various situations:\n\nstart a working area (see also: git help tutorial)\n   clone             Clone a repository into a new directory\n   init              Create an empty Git repository or reinitialize an existing one\n\nwork on the current change (see also: git help everyday)\n   add               Add file contents to the index\n   mv                Move or rename a file, a directory, or a symlink\n   restore           Restore working tree files\n   rm                Remove files from the working tree and from the index\n   sparse-checkout   Initialize and modify the sparse-checkout\n\nexamine the history and state (see also: git help revisions)\n   bisect            Use binary search to find the commit that introduced a bug\n   diff              Show changes between commits, commit and working tree, etc\n   grep              Print lines matching a pattern\n   log               Show commit logs\n   show              Show various types of objects\n   status            Show the working tree status\n\ngrow, mark and tweak your common history\n   branch            List, create, or delete branches\n   commit            Record changes to the repository\n   merge             Join two or more development histories together\n   rebase            Reapply commits on top of another base tip\n   reset             Reset current HEAD to the specified state\n   switch            Switch branches\n   tag               Create, list, delete or verify a tag object signed with GPG\n\ncollaborate (see also: git help workflows)\n   fetch             Download objects and refs from another repository\n   pull              Fetch from and integrate with another repository or a local branch\n   push              Update remote refs along with associated objects\n\n'git help -a' and 'git help -g' list available subcommands and some\nconcept guides. See 'git help <command>' or 'git help <concept>'\nto read about a specific subcommand or concept.\nSee 'git help git' for an overview of the system.\n""
[0m12:04:17.372432 [debug] [MainThread]: STDERR: "b''"
[0m12:04:17.372866 [info ] [MainThread]:  - git [[32mOK found[0m]

[0m12:04:17.373435 [info ] [MainThread]: Connection test skipped since no profile was found
[0m12:04:17.374260 [info ] [MainThread]: [31m2 checks failed:[0m
[0m12:04:17.374809 [info ] [MainThread]: dbt looked for a profiles.yml file in /root/.dbt/profiles.yml, but did
not find one. For more information on configuring your profile, consult the
documentation:

https://docs.getdbt.com/docs/configure-your-profile


[0m12:04:17.375410 [info ] [MainThread]: Project loading failed for the following reason:
 project path </usr/app/dbt_project.yml> not found

[0m12:04:17.377564 [debug] [MainThread]: Resource report: {"command_name": "debug", "command_success": false, "command_wall_clock_time": 0.16493687, "process_in_blocks": "0", "process_kernel_time": 0.355808, "process_mem_max_rss": "87368", "process_out_blocks": "1488", "process_user_time": 2.094419}
[0m12:04:17.378811 [debug] [MainThread]: Command `dbt debug` failed at 12:04:17.378562 after 0.17 seconds
[0m12:04:17.379746 [debug] [MainThread]: Sending event: {'category': 'dbt', 'action': 'invocation', 'label': 'end', 'context': [<snowplow_tracker.self_describing_json.SelfDescribingJson object at 0x7132770a5d60>, <snowplow_tracker.self_describing_json.SelfDescribingJson object at 0x7132785ee780>, <snowplow_tracker.self_describing_json.SelfDescribingJson object at 0x713276919250>]}
[0m12:04:17.380525 [debug] [MainThread]: Flushing usage events
[0m12:04:17.928193 [debug] [MainThread]: An error was encountered while trying to flush usage events
[0m12:06:19.101241 [debug] [MainThread]: Sending event: {'category': 'dbt', 'action': 'invocation', 'label': 'start', 'context': [<snowplow_tracker.self_describing_json.SelfDescribingJson object at 0x7ff775e43e30>, <snowplow_tracker.self_describing_json.SelfDescribingJson object at 0x7ff7777fc260>, <snowplow_tracker.self_describing_json.SelfDescribingJson object at 0x7ff77636ed80>]}


============================== 12:06:19.111952 | 8f3756d4-17c9-4fc2-949d-bc5a602ffae5 ==============================
[0m12:06:19.111952 [info ] [MainThread]: Running with dbt=1.9.0
[0m12:06:19.112873 [debug] [MainThread]: running dbt with arguments {'printer_width': '80', 'indirect_selection': 'eager', 'log_cache_events': 'False', 'write_json': 'True', 'partial_parse': 'True', 'cache_selected_only': 'False', 'warn_error': 'None', 'version_check': 'True', 'debug': 'False', 'log_path': 'logs', 'fail_fast': 'False', 'profiles_dir': '/root/.dbt', 'use_colors': 'True', 'use_experimental_parser': 'False', 'empty': 'None', 'quiet': 'False', 'no_print': 'None', 'log_format': 'default', 'static_parser': 'True', 'invocation_command': 'dbt debug', 'warn_error_options': 'WarnErrorOptions(include=[], exclude=[])', 'target_path': 'None', 'introspect': 'True', 'send_anonymous_usage_stats': 'True'}
[0m12:06:19.169721 [info ] [MainThread]: dbt version: 1.9.0
[0m12:06:19.170324 [info ] [MainThread]: python version: 3.12.4
[0m12:06:19.170799 [info ] [MainThread]: python path: /usr/local/bin/python
[0m12:06:19.171416 [info ] [MainThread]: os info: Linux-6.6.87.2-microsoft-standard-WSL2-x86_64-with-glibc2.31
[0m12:06:19.171979 [info ] [MainThread]: Using profiles dir at /root/.dbt
[0m12:06:19.172642 [info ] [MainThread]: Using profiles.yml file at /root/.dbt/profiles.yml
[0m12:06:19.173308 [info ] [MainThread]: Using dbt_project.yml file at /usr/app/dbt_project.yml
[0m12:06:19.173950 [info ] [MainThread]: Configuration:
[0m12:06:19.174495 [info ] [MainThread]:   profiles.yml file [[31mERROR not found[0m]
[0m12:06:19.175135 [info ] [MainThread]:   dbt_project.yml file [[31mERROR not found[0m]
[0m12:06:19.175702 [info ] [MainThread]: Required dependencies:
[0m12:06:19.176501 [debug] [MainThread]: Executing "git --help"
[0m12:06:19.180580 [debug] [MainThread]: STDOUT: "b"usage: git [--version] [--help] [-C <path>] [-c <name>=<value>]\n           [--exec-path[=<path>]] [--html-path] [--man-path] [--info-path]\n           [-p | --paginate | -P | --no-pager] [--no-replace-objects] [--bare]\n           [--git-dir=<path>] [--work-tree=<path>] [--namespace=<name>]\n           <command> [<args>]\n\nThese are common Git commands used in various situations:\n\nstart a working area (see also: git help tutorial)\n   clone             Clone a repository into a new directory\n   init              Create an empty Git repository or reinitialize an existing one\n\nwork on the current change (see also: git help everyday)\n   add               Add file contents to the index\n   mv                Move or rename a file, a directory, or a symlink\n   restore           Restore working tree files\n   rm                Remove files from the working tree and from the index\n   sparse-checkout   Initialize and modify the sparse-checkout\n\nexamine the history and state (see also: git help revisions)\n   bisect            Use binary search to find the commit that introduced a bug\n   diff              Show changes between commits, commit and working tree, etc\n   grep              Print lines matching a pattern\n   log               Show commit logs\n   show              Show various types of objects\n   status            Show the working tree status\n\ngrow, mark and tweak your common history\n   branch            List, create, or delete branches\n   commit            Record changes to the repository\n   merge             Join two or more development histories together\n   rebase            Reapply commits on top of another base tip\n   reset             Reset current HEAD to the specified state\n   switch            Switch branches\n   tag               Create, list, delete or verify a tag object signed with GPG\n\ncollaborate (see also: git help workflows)\n   fetch             Download objects and refs from another repository\n   pull              Fetch from and integrate with another repository or a local branch\n   push              Update remote refs along with associated objects\n\n'git help -a' and 'git help -g' list available subcommands and some\nconcept guides. See 'git help <command>' or 'git help <concept>'\nto read about a specific subcommand or concept.\nSee 'git help git' for an overview of the system.\n""
[0m12:06:19.181705 [debug] [MainThread]: STDERR: "b''"
[0m12:06:19.182800 [info ] [MainThread]:  - git [[32mOK found[0m]

[0m12:06:19.184232 [info ] [MainThread]: Connection test skipped since no profile was found
[0m12:06:19.185416 [info ] [MainThread]: [31m2 checks failed:[0m
[0m12:06:19.186288 [info ] [MainThread]: dbt looked for a profiles.yml file in /root/.dbt/profiles.yml, but did
not find one. For more information on configuring your profile, consult the
documentation:

https://docs.getdbt.com/docs/configure-your-profile


[0m12:06:19.187375 [info ] [MainThread]: Project loading failed for the following reason:
 project path </usr/app/dbt_project.yml> not found

[0m12:06:19.189797 [debug] [MainThread]: Resource report: {"command_name": "debug", "command_success": false, "command_wall_clock_time": 0.16570793, "process_in_blocks": "0", "process_kernel_time": 0.414708, "process_mem_max_rss": "87248", "process_out_blocks": "1480", "process_user_time": 2.182252}
[0m12:06:19.191083 [debug] [MainThread]: Command `dbt debug` failed at 12:06:19.190808 after 0.17 seconds
[0m12:06:19.191966 [debug] [MainThread]: Sending event: {'category': 'dbt', 'action': 'invocation', 'label': 'end', 'context': [<snowplow_tracker.self_describing_json.SelfDescribingJson object at 0x7ff775e43e30>, <snowplow_tracker.self_describing_json.SelfDescribingJson object at 0x7ff775766180>, <snowplow_tracker.self_describing_json.SelfDescribingJson object at 0x7ff775cc6900>]}
[0m12:06:19.192906 [debug] [MainThread]: Flushing usage events
[0m12:06:19.696789 [debug] [MainThread]: An error was encountered while trying to flush usage events
